<?xml version="1.0" encoding="UTF-8"?>
<testng-results ignored="0" total="1" passed="1" failed="0" skipped="0">
  <reporter-output>
  </reporter-output>
  <suite started-at="2022-01-15T10:22:40 BDT" name="Default suite" finished-at="2022-01-15T10:23:06 BDT" duration-ms="26347">
    <groups>
    </groups>
    <test started-at="2022-01-15T10:22:40 BDT" name="Default test" finished-at="2022-01-15T10:23:06 BDT" duration-ms="26347">
      <class name="tests.Login">
        <test-method is-config="true" signature="start()[pri:0, instance:tests.Login@184fb68d]" started-at="2022-01-15T10:22:40 BDT" name="start" finished-at="2022-01-15T10:22:47 BDT" duration-ms="6964" status="PASS">
          <reporter-output>
          </reporter-output>
        </test-method> <!-- start -->
        <test-method signature="loginTest()[pri:0, instance:tests.Login@184fb68d]" started-at="2022-01-15T10:22:47 BDT" name="loginTest" finished-at="2022-01-15T10:23:06 BDT" duration-ms="19317" status="PASS">
          <reporter-output>
          </reporter-output>
        </test-method> <!-- loginTest -->
      </class> <!-- tests.Login -->
    </test> <!-- Default test -->
  </suite> <!-- Default suite -->
</testng-results>
